<?xml version="1.0" encoding="UTF-8"?>
<testng-results skipped="0" failed="0" total="1" passed="1">
  <reporter-output>
  </reporter-output>
  <suite name="Default suite" duration-ms="24724" started-at="2016-04-12T07:22:51Z" finished-at="2016-04-12T07:23:16Z">
    <groups>
    </groups>
    <test name="Default test" duration-ms="24724" started-at="2016-04-12T07:22:51Z" finished-at="2016-04-12T07:23:16Z">
      <class name="com.globant.bootcamp.tae.App">
        <test-method status="PASS" signature="beforeMethod(org.testng.ITestContext)[pri:0, instance:com.globant.bootcamp.tae.App@be2bc2]" name="beforeMethod" is-config="true" duration-ms="12619" started-at="2016-04-12T04:22:51Z" finished-at="2016-04-12T04:23:04Z">
          <params>
            <param index="0">
              <value>
                <![CDATA[org.testng.TestRunner@719fb6]]>
              </value>
            </param>
          </params>
          <reporter-output>
          </reporter-output>
        </test-method> <!-- beforeMethod -->
        <test-method status="PASS" signature="ejercicio03()[pri:0, instance:com.globant.bootcamp.tae.App@be2bc2]" name="ejercicio03" duration-ms="11648" started-at="2016-04-12T04:23:04Z" description="Ejercicio03" finished-at="2016-04-12T04:23:15Z">
          <reporter-output>
          </reporter-output>
        </test-method> <!-- ejercicio03 -->
        <test-method status="PASS" signature="afterMethod(org.testng.ITestContext)[pri:0, instance:com.globant.bootcamp.tae.App@be2bc2]" name="afterMethod" is-config="true" duration-ms="289" started-at="2016-04-12T04:23:15Z" finished-at="2016-04-12T04:23:16Z">
          <params>
            <param index="0">
              <value>
                <![CDATA[org.testng.TestRunner@719fb6]]>
              </value>
            </param>
          </params>
          <reporter-output>
          </reporter-output>
        </test-method> <!-- afterMethod -->
      </class> <!-- com.globant.bootcamp.tae.App -->
    </test> <!-- Default test -->
  </suite> <!-- Default suite -->
</testng-results>
